\BOOKMARK [1][-]{section.1}{Introduction}{}% 1
\BOOKMARK [2][-]{subsection.1.1}{Subsection Heading Here}{section.1}% 2
\BOOKMARK [3][-]{subsubsection.1.1.1}{Subsubsection Heading Here}{subsection.1.1}% 3
\BOOKMARK [1][-]{section.2}{Background}{}% 4
\BOOKMARK [2][-]{subsection.2.1}{Occupancy Grid Mapping}{section.2}% 5
\BOOKMARK [2][-]{subsection.2.2}{Grid-Based FastSLAM}{section.2}% 6
\BOOKMARK [2][-]{subsection.2.3}{Graph SLAM}{section.2}% 7
\BOOKMARK [2][-]{subsection.2.4}{RTAB-Map}{section.2}% 8
\BOOKMARK [1][-]{section.3}{Simulations}{}% 9
\BOOKMARK [2][-]{subsection.3.1}{Robot Model Configuration}{section.3}% 10
\BOOKMARK [2][-]{subsection.3.2}{Worlds}{section.3}% 11
\BOOKMARK [3][-]{subsubsection.3.2.1}{Parameters}{subsection.3.2}% 12
\BOOKMARK [1][-]{section.4}{Results}{}% 13
\BOOKMARK [2][-]{subsection.4.1}{Kitchen World}{section.4}% 14
\BOOKMARK [2][-]{subsection.4.2}{Custom Cafe World}{section.4}% 15
\BOOKMARK [2][-]{subsection.4.3}{Technical Comparison}{section.4}% 16
\BOOKMARK [1][-]{section.5}{Discussion}{}% 17
\BOOKMARK [1][-]{section.6}{Conclusion / Future work}{}% 18
\BOOKMARK [2][-]{subsection.6.1}{Modifications for Improvement}{section.6}% 19
\BOOKMARK [2][-]{subsection.6.2}{Hardware Deployment}{section.6}% 20
\BOOKMARK [1][-]{section*.1}{References}{}% 21
